0 info it worked if it ends with ok
1 verbose cli [ '/home/s/.nvm/versions/node/v5.1.0/bin/node',
1 verbose cli   '/home/s/.nvm/versions/node/v5.1.0/bin/npm',
1 verbose cli   'run',
1 verbose cli   'local_test' ]
2 info using npm@3.3.12
3 info using node@v5.1.0
4 verbose run-script [ 'prelocal_test', 'local_test', 'postlocal_test' ]
5 info lifecycle f_@0.0.17~prelocal_test: f_@0.0.17
6 silly lifecycle f_@0.0.17~prelocal_test: no script for prelocal_test, continuing
7 info lifecycle f_@0.0.17~local_test: f_@0.0.17
8 verbose lifecycle f_@0.0.17~local_test: unsafe-perm in lifecycle true
9 verbose lifecycle f_@0.0.17~local_test: PATH: /home/s/.nvm/versions/node/v5.1.0/lib/node_modules/npm/bin/node-gyp-bin:/home/s/dev/f_/node_modules/.bin:/home/s/dev/cmd_tools/newapp/scripts/:/home/s/dev/cmd_tools/:/home/s/.nvm/versions/node/v5.1.0/bin:/usr/local/sbin:/usr/local/bin:/usr/sbin:/usr/bin:/sbin:/bin:/usr/games:/usr/local/games
10 verbose lifecycle f_@0.0.17~local_test: CWD: /home/s/dev/f_
11 silly lifecycle f_@0.0.17~local_test: Args: [ '-c',
11 silly lifecycle   'node node_modules/istanbul/lib/cli.js cover node_modules/mocha/bin/_mocha "./test/mocha/*.js"' ]
12 silly lifecycle f_@0.0.17~local_test: Returned: code: 2  signal: null
13 info lifecycle f_@0.0.17~local_test: Failed to exec local_test script
14 verbose stack Error: f_@0.0.17 local_test: `node node_modules/istanbul/lib/cli.js cover node_modules/mocha/bin/_mocha "./test/mocha/*.js"`
14 verbose stack Exit status 2
14 verbose stack     at EventEmitter.<anonymous> (/home/s/.nvm/versions/node/v5.1.0/lib/node_modules/npm/lib/utils/lifecycle.js:232:16)
14 verbose stack     at emitTwo (events.js:87:13)
14 verbose stack     at EventEmitter.emit (events.js:172:7)
14 verbose stack     at ChildProcess.<anonymous> (/home/s/.nvm/versions/node/v5.1.0/lib/node_modules/npm/lib/utils/spawn.js:24:14)
14 verbose stack     at emitTwo (events.js:87:13)
14 verbose stack     at ChildProcess.emit (events.js:172:7)
14 verbose stack     at maybeClose (internal/child_process.js:818:16)
14 verbose stack     at Process.ChildProcess._handle.onexit (internal/child_process.js:211:5)
15 verbose pkgid f_@0.0.17
16 verbose cwd /home/s/dev/f_
17 error Linux 4.2.0-22-generic
18 error argv "/home/s/.nvm/versions/node/v5.1.0/bin/node" "/home/s/.nvm/versions/node/v5.1.0/bin/npm" "run" "local_test"
19 error node v5.1.0
20 error npm  v3.3.12
21 error code ELIFECYCLE
22 error f_@0.0.17 local_test: `node node_modules/istanbul/lib/cli.js cover node_modules/mocha/bin/_mocha "./test/mocha/*.js"`
22 error Exit status 2
23 error Failed at the f_@0.0.17 local_test script 'node node_modules/istanbul/lib/cli.js cover node_modules/mocha/bin/_mocha "./test/mocha/*.js"'.
23 error Make sure you have the latest version of node.js and npm installed.
23 error If you do, this is most likely a problem with the f_ package,
23 error not with npm itself.
23 error Tell the author that this fails on your system:
23 error     node node_modules/istanbul/lib/cli.js cover node_modules/mocha/bin/_mocha "./test/mocha/*.js"
23 error You can get their info via:
23 error     npm owner ls f_
23 error There is likely additional logging output above.
24 verbose exit [ 1, true ]
